<?xml version="1.0" encoding="UTF-8"?>
<testsuite name="testSuite.Prueba" tests="1" skipped="0" failures="0" errors="0" timestamp="2022-03-28T20:42:58" hostname="LAPTOP-MUMLH26I" time="7.711">
  <properties/>
  <testcase name="sumar" classname="testSuite.Prueba" time="7.711"/>
  <system-out><![CDATA[El resultado es: 1.213
]]></system-out>
  <system-err><![CDATA[]]></system-err>
</testsuite>
