<?xml version="1.0" encoding="UTF-8"?>
<testsuite name="testSuite.Prueba" tests="1" skipped="0" failures="0" errors="0" timestamp="2022-06-17T14:28:44" hostname="LAPTOP-MUMLH26I" time="19.807">
  <properties/>
  <testcase name="sumar" classname="testSuite.Prueba" time="19.807"/>
  <system-out><![CDATA[La operacion matematica es: 305+908+1506
El resultado es: 2719
[PdfBciReport] closePDF
[PdfBciReport] createTitlePage
File: 70Z5394YRHIVPMP Not found
]]></system-out>
  <system-err><![CDATA[]]></system-err>
</testsuite>
